<?xml version="1.0" encoding="UTF-8"?>
<!-- Generated by org.testng.reporters.JUnitReportReporter -->
<testsuite hostname="LAPTOP-IQM7BQHV" failures="0" tests="6" name="casosDePrueba.R_00_01_Autenticacion_I" time="448.143" errors="0" timestamp="2020-02-26T12:28:55 CST" skipped="0">
  <testcase classname="casosDePrueba.R_00_01_Autenticacion_I" name="TC02_w3schoold" time="83.219"/>
  <testcase classname="casosDePrueba.R_00_01_Autenticacion_I" name="TC01_w3schoold" time="87.167"/>
  <testcase classname="casosDePrueba.R_00_01_Autenticacion_I" name="TC0_w3schoold" time="9.372"/>
  <testcase classname="casosDePrueba.R_00_01_Autenticacion_I" name="TC022_w3schoold" time="114.418"/>
  <testcase classname="casosDePrueba.R_00_01_Autenticacion_I" name="TC023_w3schoold" time="66.801"/>
  <testcase classname="casosDePrueba.R_00_01_Autenticacion_I" name="TC012_w3schoold" time="87.166"/>
</testsuite> <!-- casosDePrueba.R_00_01_Autenticacion_I -->
